<?xml version="1.0" encoding="UTF-8"?>
<!-- Generated by org.testng.reporters.JUnitReportReporter -->
<testsuite skipped="0" hostname="DESKTOP-B4MBJ5N" name="com.htc.LoginDemo.Test.LoginTest" tests="2" failures="0" timestamp="2021-02-14T11:18:56 IST" time="19.678" errors="0">
  <testcase name="test_loginCredential" time="9.216" classname="com.htc.LoginDemo.Test.LoginTest"/>
  <system-out/>
  <testcase name="test_loginCredential" time="10.462" classname="com.htc.LoginDemo.Test.LoginTest"/>
  <system-out/>
</testsuite> <!-- com.htc.LoginDemo.Test.LoginTest -->
